<?xml version="1.0" encoding="UTF-8"?>
<!-- Generated by org.testng.reporters.JUnitReportReporter -->
<testsuite skipped="0" hostname="881ceff77cf1" name="com.github.test.GitHubSignInTest" tests="4" failures="0" timestamp="16 Nov 2021 18:49:46 GMT" time="4.872" errors="0">
  <testcase name="signInTest" time="1.194" classname="com.github.test.GitHubSignInTest"/>
  <testcase name="signIn2Test" time="1.034" classname="com.github.test.GitHubSignInTest"/>
  <testcase name="signIn444Test" time="1.031" classname="com.github.test.GitHubSignInTest"/>
  <testcase name="signIn1Test" time="1.613" classname="com.github.test.GitHubSignInTest"/>
</testsuite> <!-- com.github.test.GitHubSignInTest -->
