<?xml version="1.0" encoding="UTF-8"?>
<!-- Generated by org.testng.reporters.JUnitReportReporter -->
<testsuite skipped="0" hostname="7b0692dee141" name="com.github.test.GitHubSignInTest" tests="4" failures="0" timestamp="14 Nov 2021 13:55:17 GMT" time="4.003" errors="0">
  <testcase name="signIn2Test" time="0.880" classname="com.github.test.GitHubSignInTest"/>
  <testcase name="signIn1Test" time="1.393" classname="com.github.test.GitHubSignInTest"/>
  <testcase name="signInTest" time="0.853" classname="com.github.test.GitHubSignInTest"/>
  <testcase name="signIn444Test" time="0.877" classname="com.github.test.GitHubSignInTest"/>
</testsuite> <!-- com.github.test.GitHubSignInTest -->
