<?xml version="1.0" encoding="UTF-8"?>
<!-- Generated by org.testng.reporters.JUnitReportReporter -->
<testsuite skipped="0" hostname="8b043824ff90" name="com.github.test.GitHubSignInTest" tests="4" failures="0" timestamp="16 Nov 2021 19:21:44 GMT" time="5.457" errors="0">
  <testcase name="signInTest" time="1.144" classname="com.github.test.GitHubSignInTest"/>
  <testcase name="signIn2Test" time="1.160" classname="com.github.test.GitHubSignInTest"/>
  <testcase name="signIn444Test" time="1.301" classname="com.github.test.GitHubSignInTest"/>
  <testcase name="signIn1Test" time="1.852" classname="com.github.test.GitHubSignInTest"/>
</testsuite> <!-- com.github.test.GitHubSignInTest -->
